mode: set
github.com/MaximkaSha/gophkeeper/internal/crypto/crypto.go:11.36,15.2 1 1
github.com/MaximkaSha/gophkeeper/internal/crypto/crypto.go:17.46,19.51 2 1
github.com/MaximkaSha/gophkeeper/internal/crypto/crypto.go:23.2,23.37 1 1
github.com/MaximkaSha/gophkeeper/internal/crypto/crypto.go:26.2,26.12 1 1
github.com/MaximkaSha/gophkeeper/internal/crypto/crypto.go:19.51,22.3 2 1
github.com/MaximkaSha/gophkeeper/internal/crypto/crypto.go:23.37,25.3 1 1
github.com/MaximkaSha/gophkeeper/internal/crypto/crypto.go:30.46,32.55 2 1
github.com/MaximkaSha/gophkeeper/internal/crypto/crypto.go:35.2,36.39 2 1
github.com/MaximkaSha/gophkeeper/internal/crypto/crypto.go:43.2,44.12 2 1
github.com/MaximkaSha/gophkeeper/internal/crypto/crypto.go:32.55,34.3 1 1
github.com/MaximkaSha/gophkeeper/internal/crypto/crypto.go:36.39,37.21 1 1
github.com/MaximkaSha/gophkeeper/internal/crypto/crypto.go:37.21,39.4 1 1
github.com/MaximkaSha/gophkeeper/internal/crypto/crypto.go:39.9,40.9 1 1
github.com/MaximkaSha/gophkeeper/internal/storage/storage.go:23.38,27.16 4 0
github.com/MaximkaSha/gophkeeper/internal/storage/storage.go:30.2,31.10 2 0
github.com/MaximkaSha/gophkeeper/internal/storage/storage.go:27.16,29.3 1 0
github.com/MaximkaSha/gophkeeper/internal/storage/storage.go:34.34,47.2 7 1
github.com/MaximkaSha/gophkeeper/internal/storage/storage.go:49.28,50.16 1 1
github.com/MaximkaSha/gophkeeper/internal/storage/storage.go:50.16,52.3 1 1
github.com/MaximkaSha/gophkeeper/internal/storage/storage.go:97.50,102.16 3 1
github.com/MaximkaSha/gophkeeper/internal/storage/storage.go:106.2,107.16 2 1
github.com/MaximkaSha/gophkeeper/internal/storage/storage.go:111.2,111.12 1 1
github.com/MaximkaSha/gophkeeper/internal/storage/storage.go:102.16,105.3 2 0
github.com/MaximkaSha/gophkeeper/internal/storage/storage.go:107.16,110.3 2 1
github.com/MaximkaSha/gophkeeper/internal/storage/storage.go:114.49,117.16 3 1
github.com/MaximkaSha/gophkeeper/internal/storage/storage.go:120.2,120.26 1 1
github.com/MaximkaSha/gophkeeper/internal/storage/storage.go:117.16,119.3 1 0
github.com/MaximkaSha/gophkeeper/internal/storage/storage.go:123.65,127.16 4 1
github.com/MaximkaSha/gophkeeper/internal/storage/storage.go:131.2,131.18 1 1
github.com/MaximkaSha/gophkeeper/internal/storage/storage.go:127.16,130.3 2 1
github.com/MaximkaSha/gophkeeper/internal/storage/storage.go:134.66,141.19 2 1
github.com/MaximkaSha/gophkeeper/internal/storage/storage.go:144.2,145.16 2 1
github.com/MaximkaSha/gophkeeper/internal/storage/storage.go:149.2,149.12 1 1
github.com/MaximkaSha/gophkeeper/internal/storage/storage.go:141.19,143.3 1 0
github.com/MaximkaSha/gophkeeper/internal/storage/storage.go:145.16,148.3 2 1
github.com/MaximkaSha/gophkeeper/internal/storage/storage.go:152.79,155.16 3 1
github.com/MaximkaSha/gophkeeper/internal/storage/storage.go:159.2,162.18 4 1
github.com/MaximkaSha/gophkeeper/internal/storage/storage.go:171.2,171.18 1 1
github.com/MaximkaSha/gophkeeper/internal/storage/storage.go:174.2,174.18 1 1
github.com/MaximkaSha/gophkeeper/internal/storage/storage.go:155.16,158.3 2 1
github.com/MaximkaSha/gophkeeper/internal/storage/storage.go:162.18,164.85 2 1
github.com/MaximkaSha/gophkeeper/internal/storage/storage.go:168.3,169.29 2 1
github.com/MaximkaSha/gophkeeper/internal/storage/storage.go:164.85,167.4 2 0
github.com/MaximkaSha/gophkeeper/internal/storage/storage.go:171.18,173.3 1 0
github.com/MaximkaSha/gophkeeper/internal/storage/storage.go:177.52,180.16 3 1
github.com/MaximkaSha/gophkeeper/internal/storage/storage.go:184.2,184.12 1 1
github.com/MaximkaSha/gophkeeper/internal/storage/storage.go:180.16,183.3 2 1
github.com/MaximkaSha/gophkeeper/internal/server/server.go:20.45,26.2 2 0
github.com/MaximkaSha/gophkeeper/internal/server/server.go:28.132,33.16 5 1
github.com/MaximkaSha/gophkeeper/internal/server/server.go:36.2,36.23 1 1
github.com/MaximkaSha/gophkeeper/internal/server/server.go:33.16,35.3 1 1
github.com/MaximkaSha/gophkeeper/internal/server/server.go:39.146,42.16 3 1
github.com/MaximkaSha/gophkeeper/internal/server/server.go:45.2,45.27 1 1
github.com/MaximkaSha/gophkeeper/internal/server/server.go:49.2,49.23 1 1
github.com/MaximkaSha/gophkeeper/internal/server/server.go:42.16,44.3 1 1
github.com/MaximkaSha/gophkeeper/internal/server/server.go:45.27,48.3 2 1
github.com/MaximkaSha/gophkeeper/internal/server/server.go:52.131,55.16 3 1
github.com/MaximkaSha/gophkeeper/internal/server/server.go:58.2,58.23 1 1
github.com/MaximkaSha/gophkeeper/internal/server/server.go:55.16,57.3 1 1
github.com/MaximkaSha/gophkeeper/internal/client/client.go:20.194,23.2 2 0
github.com/MaximkaSha/gophkeeper/internal/client/client.go:45.46,46.23 1 1
github.com/MaximkaSha/gophkeeper/internal/client/client.go:47.19,48.32 1 1
github.com/MaximkaSha/gophkeeper/internal/client/client.go:55.3,55.43 1 1
github.com/MaximkaSha/gophkeeper/internal/client/client.go:56.23,57.36 1 1
github.com/MaximkaSha/gophkeeper/internal/client/client.go:65.3,65.51 1 1
github.com/MaximkaSha/gophkeeper/internal/client/client.go:66.25,67.30 1 1
github.com/MaximkaSha/gophkeeper/internal/client/client.go:77.3,77.39 1 1
github.com/MaximkaSha/gophkeeper/internal/client/client.go:78.19,79.32 1 1
github.com/MaximkaSha/gophkeeper/internal/client/client.go:86.3,86.43 1 1
github.com/MaximkaSha/gophkeeper/internal/client/client.go:48.32,49.35 1 1
github.com/MaximkaSha/gophkeeper/internal/client/client.go:49.35,53.5 3 1
github.com/MaximkaSha/gophkeeper/internal/client/client.go:57.36,58.39 1 1
github.com/MaximkaSha/gophkeeper/internal/client/client.go:58.39,63.5 4 1
github.com/MaximkaSha/gophkeeper/internal/client/client.go:67.30,68.33 1 1
github.com/MaximkaSha/gophkeeper/internal/client/client.go:68.33,75.5 6 1
github.com/MaximkaSha/gophkeeper/internal/client/client.go:79.32,80.35 1 1
github.com/MaximkaSha/gophkeeper/internal/client/client.go:80.35,84.5 3 1
github.com/MaximkaSha/gophkeeper/internal/client/client.go:90.53,91.23 1 1
github.com/MaximkaSha/gophkeeper/internal/client/client.go:92.19,93.32 1 1
github.com/MaximkaSha/gophkeeper/internal/client/client.go:100.23,101.36 1 1
github.com/MaximkaSha/gophkeeper/internal/client/client.go:108.25,109.30 1 1
github.com/MaximkaSha/gophkeeper/internal/client/client.go:116.19,117.32 1 1
github.com/MaximkaSha/gophkeeper/internal/client/client.go:93.32,94.35 1 1
github.com/MaximkaSha/gophkeeper/internal/client/client.go:94.35,98.5 3 1
github.com/MaximkaSha/gophkeeper/internal/client/client.go:101.36,102.39 1 1
github.com/MaximkaSha/gophkeeper/internal/client/client.go:102.39,106.5 3 1
github.com/MaximkaSha/gophkeeper/internal/client/client.go:109.30,110.33 1 1
github.com/MaximkaSha/gophkeeper/internal/client/client.go:110.33,114.5 3 1
github.com/MaximkaSha/gophkeeper/internal/client/client.go:117.32,118.35 1 1
github.com/MaximkaSha/gophkeeper/internal/client/client.go:118.35,122.5 3 1
github.com/MaximkaSha/gophkeeper/internal/client/client.go:128.38,135.2 1 1
github.com/MaximkaSha/gophkeeper/internal/client/client.go:150.46,156.16 4 0
github.com/MaximkaSha/gophkeeper/internal/client/client.go:159.2,161.16 2 0
github.com/MaximkaSha/gophkeeper/internal/client/client.go:164.2,174.3 3 0
github.com/MaximkaSha/gophkeeper/internal/client/client.go:156.16,158.3 1 0
github.com/MaximkaSha/gophkeeper/internal/client/client.go:161.16,163.3 1 0
github.com/MaximkaSha/gophkeeper/internal/client/client.go:177.32,182.2 4 1
github.com/MaximkaSha/gophkeeper/internal/client/client.go:184.80,185.27 1 1
github.com/MaximkaSha/gophkeeper/internal/client/client.go:223.2,223.40 1 0
github.com/MaximkaSha/gophkeeper/internal/client/client.go:186.18,190.17 4 1
github.com/MaximkaSha/gophkeeper/internal/client/client.go:193.3,194.19 2 0
github.com/MaximkaSha/gophkeeper/internal/client/client.go:195.14,199.17 4 1
github.com/MaximkaSha/gophkeeper/internal/client/client.go:202.3,203.19 2 0
github.com/MaximkaSha/gophkeeper/internal/client/client.go:204.12,208.17 4 1
github.com/MaximkaSha/gophkeeper/internal/client/client.go:211.3,212.19 2 0
github.com/MaximkaSha/gophkeeper/internal/client/client.go:213.14,217.17 4 1
github.com/MaximkaSha/gophkeeper/internal/client/client.go:220.3,221.19 2 0
github.com/MaximkaSha/gophkeeper/internal/client/client.go:190.17,192.4 1 1
github.com/MaximkaSha/gophkeeper/internal/client/client.go:199.17,201.4 1 1
github.com/MaximkaSha/gophkeeper/internal/client/client.go:208.17,210.4 1 1
github.com/MaximkaSha/gophkeeper/internal/client/client.go:217.17,219.4 1 1
github.com/MaximkaSha/gophkeeper/internal/client/client.go:226.76,228.16 2 1
github.com/MaximkaSha/gophkeeper/internal/client/client.go:231.2,233.16 3 1
github.com/MaximkaSha/gophkeeper/internal/client/client.go:236.2,236.12 1 1
github.com/MaximkaSha/gophkeeper/internal/client/client.go:228.16,230.3 1 0
github.com/MaximkaSha/gophkeeper/internal/client/client.go:233.16,235.3 1 1
github.com/MaximkaSha/gophkeeper/internal/client/client.go:239.73,242.16 3 1
github.com/MaximkaSha/gophkeeper/internal/client/client.go:245.2,252.12 8 1
github.com/MaximkaSha/gophkeeper/internal/client/client.go:242.16,244.3 1 1
github.com/MaximkaSha/gophkeeper/internal/client/client.go:255.52,258.28 3 1
github.com/MaximkaSha/gophkeeper/internal/client/client.go:258.28,264.17 3 0
github.com/MaximkaSha/gophkeeper/internal/client/client.go:268.3,268.38 1 0
github.com/MaximkaSha/gophkeeper/internal/client/client.go:264.17,267.4 2 0
github.com/MaximkaSha/gophkeeper/internal/client/client.go:272.62,274.16 2 1
github.com/MaximkaSha/gophkeeper/internal/client/client.go:277.2,277.33 1 1
github.com/MaximkaSha/gophkeeper/internal/client/client.go:284.2,284.12 1 1
github.com/MaximkaSha/gophkeeper/internal/client/client.go:274.16,276.3 1 1
github.com/MaximkaSha/gophkeeper/internal/client/client.go:277.33,279.17 2 1
github.com/MaximkaSha/gophkeeper/internal/client/client.go:282.3,282.52 1 0
github.com/MaximkaSha/gophkeeper/internal/client/client.go:279.17,281.4 1 1
github.com/MaximkaSha/gophkeeper/internal/client/client.go:287.70,290.2 1 0
github.com/MaximkaSha/gophkeeper/internal/client/client.go:292.80,294.27 1 1
github.com/MaximkaSha/gophkeeper/internal/client/client.go:300.2,304.4 1 1
github.com/MaximkaSha/gophkeeper/internal/client/client.go:294.27,295.38 1 1
github.com/MaximkaSha/gophkeeper/internal/client/client.go:295.38,298.4 2 1
github.com/MaximkaSha/gophkeeper/internal/client/client.go:307.51,308.25 1 1
github.com/MaximkaSha/gophkeeper/internal/client/client.go:311.2,311.27 1 1
github.com/MaximkaSha/gophkeeper/internal/client/client.go:308.25,310.3 1 1
github.com/MaximkaSha/gophkeeper/internal/client/client.go:311.27,312.30 1 1
github.com/MaximkaSha/gophkeeper/internal/client/client.go:312.30,315.4 2 1
github.com/MaximkaSha/gophkeeper/internal/client/client.go:318.72,322.16 4 1
github.com/MaximkaSha/gophkeeper/internal/client/client.go:325.2,326.12 2 1
github.com/MaximkaSha/gophkeeper/internal/client/client.go:322.16,324.3 1 1
github.com/MaximkaSha/gophkeeper/internal/client/client.go:402.66,404.16 2 1
github.com/MaximkaSha/gophkeeper/internal/client/client.go:407.2,408.12 2 1
github.com/MaximkaSha/gophkeeper/internal/client/client.go:404.16,406.3 1 1
github.com/MaximkaSha/gophkeeper/internal/authserver/authserver.go:24.54,26.2 1 0
github.com/MaximkaSha/gophkeeper/internal/authserver/authserver.go:28.53,35.2 2 0
github.com/MaximkaSha/gophkeeper/internal/authserver/authserver.go:42.127,48.16 5 1
github.com/MaximkaSha/gophkeeper/internal/authserver/authserver.go:51.2,51.23 1 1
github.com/MaximkaSha/gophkeeper/internal/authserver/authserver.go:48.16,50.3 1 1
github.com/MaximkaSha/gophkeeper/internal/authserver/authserver.go:54.82,67.2 5 1
github.com/MaximkaSha/gophkeeper/internal/authserver/authserver.go:69.118,75.16 6 1
github.com/MaximkaSha/gophkeeper/internal/authserver/authserver.go:78.2,78.48 1 1
github.com/MaximkaSha/gophkeeper/internal/authserver/authserver.go:81.2,82.16 2 1
github.com/MaximkaSha/gophkeeper/internal/authserver/authserver.go:85.2,92.23 4 1
github.com/MaximkaSha/gophkeeper/internal/authserver/authserver.go:75.16,77.3 1 1
github.com/MaximkaSha/gophkeeper/internal/authserver/authserver.go:78.48,80.3 1 1
github.com/MaximkaSha/gophkeeper/internal/authserver/authserver.go:82.16,84.3 1 0
github.com/MaximkaSha/gophkeeper/internal/authserver/authserver.go:95.117,97.2 1 0
github.com/MaximkaSha/gophkeeper/internal/authserver/authserver.go:99.62,101.93 2 1
github.com/MaximkaSha/gophkeeper/internal/authserver/authserver.go:104.2,104.16 1 1
github.com/MaximkaSha/gophkeeper/internal/authserver/authserver.go:109.2,109.16 1 1
github.com/MaximkaSha/gophkeeper/internal/authserver/authserver.go:113.2,113.12 1 1
github.com/MaximkaSha/gophkeeper/internal/authserver/authserver.go:101.93,103.3 1 1
github.com/MaximkaSha/gophkeeper/internal/authserver/authserver.go:104.16,105.37 1 1
github.com/MaximkaSha/gophkeeper/internal/authserver/authserver.go:105.37,107.4 1 0
github.com/MaximkaSha/gophkeeper/internal/authserver/authserver.go:109.16,111.3 1 1
github.com/MaximkaSha/gophkeeper/internal/authserver/authserver.go:116.112,119.102 3 1
github.com/MaximkaSha/gophkeeper/internal/authserver/authserver.go:122.2,122.16 1 1
github.com/MaximkaSha/gophkeeper/internal/authserver/authserver.go:128.2,128.16 1 1
github.com/MaximkaSha/gophkeeper/internal/authserver/authserver.go:132.2,132.69 1 1
github.com/MaximkaSha/gophkeeper/internal/authserver/authserver.go:136.2,141.16 6 1
github.com/MaximkaSha/gophkeeper/internal/authserver/authserver.go:144.2,145.23 2 1
github.com/MaximkaSha/gophkeeper/internal/authserver/authserver.go:119.102,121.3 1 1
github.com/MaximkaSha/gophkeeper/internal/authserver/authserver.go:122.16,123.37 1 0
github.com/MaximkaSha/gophkeeper/internal/authserver/authserver.go:126.3,126.62 1 0
github.com/MaximkaSha/gophkeeper/internal/authserver/authserver.go:123.37,125.4 1 0
github.com/MaximkaSha/gophkeeper/internal/authserver/authserver.go:128.16,130.3 1 0
github.com/MaximkaSha/gophkeeper/internal/authserver/authserver.go:132.69,134.3 1 1
github.com/MaximkaSha/gophkeeper/internal/authserver/authserver.go:141.16,143.3 1 0
github.com/MaximkaSha/gophkeeper/internal/authserver/authserver.go:149.86,151.16 2 0
github.com/MaximkaSha/gophkeeper/internal/authserver/authserver.go:155.2,156.16 2 0
github.com/MaximkaSha/gophkeeper/internal/authserver/authserver.go:160.2,160.17 1 0
github.com/MaximkaSha/gophkeeper/internal/authserver/authserver.go:151.16,153.3 1 0
github.com/MaximkaSha/gophkeeper/internal/authserver/authserver.go:156.16,158.3 1 0
